(node:38420) ExperimentalWarning: CommonJS module C:\Program Files\nodejs\node_modules\npm\node_modules\debug\src\node.js is loading ES Module C:\Program Files\nodejs\node_modules\npm\node_modules\supports-color\index.js using require().
Support for loading ES Module in require() is an experimental feature and might change at any time
(Use `node --trace-warnings ...` to show where the warning was created)
src/components/auth/AuthLayout.tsx(1,1): error TS6133: 'React' is declared but its value is never read.
src/components/auth/LoginPage.tsx(1,1): error TS6133: 'React' is declared but its value is never read.
src/components/auth/LoginPage.tsx(6,1): error TS6192: All imports in import declaration are unused.
